<?xml version="1.0" encoding="UTF-8"?>
<!-- Generated by org.testng.reporters.JUnitXMLReporter -->
<testsuite ignored="4" hostname="DESKTOP-UOT6FKJ" failures="0" tests="1" name="Default test" time="213.251" errors="0" timestamp="2024-06-14T01:41:19 BDT">
  <testcase classname="Demo.OrangeHRM" name="fileUploadTest" time="45.359"/>
  <testcase classname="Demo.OrangeHRM" name="addEmployee" time="0.0">
    <ignored/>
  </testcase> <!-- addEmployee -->
  <testcase classname="Demo.OrangeHRM" name="invalidcredentialsLoginTest" time="0.0">
    <ignored/>
  </testcase> <!-- invalidcredentialsLoginTest -->
  <testcase classname="Demo.OrangeHRM" name="validcredentialsLoginTest" time="0.0">
    <ignored/>
  </testcase> <!-- validcredentialsLoginTest -->
  <testcase classname="Demo.OrangeHRM" name="searchEmployeebyName" time="0.0">
    <ignored/>
  </testcase> <!-- searchEmployeebyName -->
</testsuite> <!-- Default test -->
