<?xml version="1.0" encoding="UTF-8"?>
<!-- Generated by org.testng.reporters.JUnitXMLReporter -->
<testsuite ignored="0" hostname="DESKTOP-UOT6FKJ" failures="0" tests="3" name="Default test" time="50.312" errors="0" timestamp="2024-05-30T01:59:50 BDT">
  <testcase classname="Demo.OrangeHRM" name="invalidcredentialsLoginTest" time="4.425"/>
  <testcase classname="Demo.OrangeHRM" name="validcredentialsLoginTest" time="8.373"/>
  <testcase classname="Demo.OrangeHRM" name="addEmployee" time="14.295"/>
</testsuite> <!-- Default test -->
