<?xml version="1.0" encoding="UTF-8"?>
<testng-results ignored="0" total="1" passed="1" failed="0" skipped="0">
  <reporter-output>
  </reporter-output>
  <suite started-at="2024-06-14T01:37:46 BDT" name="Default suite" finished-at="2024-06-14T01:41:19 BDT" duration-ms="213251">
    <groups>
    </groups>
    <test started-at="2024-06-14T01:37:46 BDT" name="Default test" finished-at="2024-06-14T01:41:19 BDT" duration-ms="213251">
      <class name="Demo.OrangeHRM">
        <test-method is-config="true" signature="setUp()[pri:0, instance:Demo.OrangeHRM@292b08d6]" started-at="2024-06-14T01:37:46 BDT" name="setUp" finished-at="2024-06-14T01:40:19 BDT" duration-ms="152555" status="PASS">
          <reporter-output>
          </reporter-output>
        </test-method> <!-- setUp -->
        <test-method signature="fileUploadTest()[pri:5, instance:Demo.OrangeHRM@292b08d6]" started-at="2024-06-14T01:40:19 BDT" name="fileUploadTest" finished-at="2024-06-14T01:41:04 BDT" duration-ms="45359" status="PASS">
          <reporter-output>
          </reporter-output>
        </test-method> <!-- fileUploadTest -->
        <test-method is-config="true" signature="tearDown()[pri:0, instance:Demo.OrangeHRM@292b08d6]" started-at="2024-06-14T01:41:04 BDT" name="tearDown" finished-at="2024-06-14T01:41:19 BDT" duration-ms="15287" status="PASS">
          <reporter-output>
          </reporter-output>
        </test-method> <!-- tearDown -->
      </class> <!-- Demo.OrangeHRM -->
    </test> <!-- Default test -->
  </suite> <!-- Default suite -->
</testng-results>
