<?xml version="1.0" encoding="UTF-8"?>
<testng-results ignored="0" total="3" passed="3" failed="0" skipped="0">
  <reporter-output>
  </reporter-output>
  <suite started-at="2024-05-30T01:58:59 BDT" name="Default suite" finished-at="2024-05-30T01:59:50 BDT" duration-ms="50312">
    <groups>
    </groups>
    <test started-at="2024-05-30T01:58:59 BDT" name="Default test" finished-at="2024-05-30T01:59:50 BDT" duration-ms="50312">
      <class name="Demo.OrangeHRM">
        <test-method is-config="true" signature="setUp()[pri:0, instance:Demo.OrangeHRM@c730b35]" started-at="2024-05-30T01:59:00 BDT" name="setUp" finished-at="2024-05-30T01:59:15 BDT" duration-ms="15236" status="PASS">
          <reporter-output>
          </reporter-output>
        </test-method> <!-- setUp -->
        <test-method signature="invalidcredentialsLoginTest()[pri:1, instance:Demo.OrangeHRM@c730b35]" started-at="2024-05-30T01:59:15 BDT" name="invalidcredentialsLoginTest" finished-at="2024-05-30T01:59:19 BDT" duration-ms="4425" status="PASS">
          <reporter-output>
          </reporter-output>
        </test-method> <!-- invalidcredentialsLoginTest -->
        <test-method signature="validcredentialsLoginTest()[pri:2, instance:Demo.OrangeHRM@c730b35]" started-at="2024-05-30T01:59:19 BDT" name="validcredentialsLoginTest" finished-at="2024-05-30T01:59:28 BDT" duration-ms="8373" status="PASS">
          <reporter-output>
          </reporter-output>
        </test-method> <!-- validcredentialsLoginTest -->
        <test-method signature="addEmployee()[pri:3, instance:Demo.OrangeHRM@c730b35]" started-at="2024-05-30T01:59:28 BDT" name="addEmployee" finished-at="2024-05-30T01:59:42 BDT" duration-ms="14295" status="PASS">
          <reporter-output>
          </reporter-output>
        </test-method> <!-- addEmployee -->
        <test-method is-config="true" signature="tearDown()[pri:0, instance:Demo.OrangeHRM@c730b35]" started-at="2024-05-30T01:59:42 BDT" name="tearDown" finished-at="2024-05-30T01:59:50 BDT" duration-ms="7930" status="PASS">
          <reporter-output>
          </reporter-output>
        </test-method> <!-- tearDown -->
      </class> <!-- Demo.OrangeHRM -->
    </test> <!-- Default test -->
  </suite> <!-- Default suite -->
</testng-results>
